2020-06-16 18:51:49,275 INFO o.a.j.u.JMeterUtils: Setting Locale to en_EN
2020-06-16 18:51:49,283 INFO o.a.j.JMeter: Loading user properties from: user.properties
2020-06-16 18:51:49,284 INFO o.a.j.JMeter: Loading system properties from: system.properties
2020-06-16 18:51:49,285 INFO o.a.j.JMeter: Copyright (c) 1998-2020 The Apache Software Foundation
2020-06-16 18:51:49,285 INFO o.a.j.JMeter: Version 5.3
2020-06-16 18:51:49,285 INFO o.a.j.JMeter: java.version=1.8.0_252
2020-06-16 18:51:49,285 INFO o.a.j.JMeter: java.vm.name=OpenJDK 64-Bit Server VM
2020-06-16 18:51:49,285 INFO o.a.j.JMeter: os.name=Windows 10
2020-06-16 18:51:49,285 INFO o.a.j.JMeter: os.arch=amd64
2020-06-16 18:51:49,285 INFO o.a.j.JMeter: os.version=10.0
2020-06-16 18:51:49,285 INFO o.a.j.JMeter: file.encoding=Cp1252
2020-06-16 18:51:49,285 INFO o.a.j.JMeter: java.awt.headless=null
2020-06-16 18:51:49,285 INFO o.a.j.JMeter: Max memory     =1073741824
2020-06-16 18:51:49,285 INFO o.a.j.JMeter: Available Processors =8
2020-06-16 18:51:49,288 INFO o.a.j.JMeter: Default Locale=English (EN)
2020-06-16 18:51:49,289 INFO o.a.j.JMeter: JMeter  Locale=English (EN)
2020-06-16 18:51:49,289 INFO o.a.j.JMeter: JMeterHome=D:\BA-Repo\apache-jmeter-5.3
2020-06-16 18:51:49,289 INFO o.a.j.JMeter: user.dir  =D:\BA-Repo\apache-jmeter-5.3\bin
2020-06-16 18:51:49,289 INFO o.a.j.JMeter: PWD       =D:\BA-Repo\apache-jmeter-5.3\bin
2020-06-16 18:51:49,295 INFO o.a.j.JMeter: IP: 192.168.178.67 Name: DESKTOP-7DLRTH9 FullName: DESKTOP-7DLRTH9.fritz.box
2020-06-16 18:51:49,356 INFO o.a.j.JMeter: Setting LAF to: laf:javax.swing.plaf.nimbus.NimbusLookAndFeel
2020-06-16 18:51:49,541 INFO o.a.j.JMeter: Loaded icon properties from org/apache/jmeter/images/icon.properties
2020-06-16 18:51:59,581 INFO o.a.j.s.FileServer: Default base='D:\BA-Repo\apache-jmeter-5.3\bin'
2020-06-16 18:51:59,584 INFO o.a.j.g.a.Load: Loading file: D:\BA-Repo\apache-jmeter-5.3\bin\MQTTPublishTest_openHab.jmx
2020-06-16 18:51:59,584 INFO o.a.j.s.FileServer: Set new base='D:\BA-Repo\apache-jmeter-5.3\bin'
2020-06-16 18:51:59,675 INFO o.a.j.s.SaveService: Testplan (JMX) version: 2.2. Testlog (JTL) version: 2.2
2020-06-16 18:51:59,686 INFO o.a.j.s.SaveService: Using SaveService properties file encoding UTF-8
2020-06-16 18:51:59,687 INFO o.a.j.s.SaveService: Using SaveService properties version 5.0
2020-06-16 18:51:59,689 INFO o.a.j.s.SaveService: Loading file: D:\BA-Repo\apache-jmeter-5.3\bin\MQTTPublishTest_openHab.jmx
2020-06-16 18:51:59,958 INFO o.a.j.s.FileServer: Set new base='D:\BA-Repo\apache-jmeter-5.3\bin'
2020-06-16 18:54:56,944 INFO o.a.j.e.StandardJMeterEngine: Running the test!
2020-06-16 18:54:56,944 INFO o.a.j.s.SampleEvent: List of sample_variables: []
2020-06-16 18:54:56,944 INFO o.a.j.s.SampleEvent: List of sample_variables: []
2020-06-16 18:54:56,945 INFO o.a.j.e.u.CompoundVariable: Note: Function class names must contain the string: '.functions.'
2020-06-16 18:54:56,945 INFO o.a.j.e.u.CompoundVariable: Note: Function class names must not contain the string: '.gui.'
2020-06-16 18:54:57,141 INFO o.a.j.g.u.JMeterMenuBar: setRunning(true, *local*)
2020-06-16 18:54:57,142 INFO o.a.j.e.StandardJMeterEngine: Starting ThreadGroup: 1 : Publish Temperature
2020-06-16 18:54:57,143 INFO o.a.j.e.StandardJMeterEngine: Starting 10 threads for group Publish Temperature.
2020-06-16 18:54:57,143 INFO o.a.j.e.StandardJMeterEngine: Thread will continue on error
2020-06-16 18:54:57,143 INFO o.a.j.t.ThreadGroup: Starting thread group... number=1 threads=10 ramp-up=1 delayedStart=false
2020-06-16 18:54:57,168 INFO o.a.j.t.ThreadGroup: Started thread group number 1
2020-06-16 18:54:57,168 INFO o.a.j.e.StandardJMeterEngine: Starting ThreadGroup: 2 : Publish Humidity
2020-06-16 18:54:57,168 INFO o.a.j.e.StandardJMeterEngine: Starting 10 threads for group Publish Humidity.
2020-06-16 18:54:57,168 INFO o.a.j.e.StandardJMeterEngine: Thread will continue on error
2020-06-16 18:54:57,168 INFO o.a.j.t.ThreadGroup: Starting thread group... number=2 threads=10 ramp-up=1 delayedStart=false
2020-06-16 18:54:57,168 INFO o.a.j.t.JMeterThread: Thread started: Publish Temperature 1-1
2020-06-16 18:54:57,169 INFO o.a.j.t.JMeterThread: Thread started: Publish Humidity 2-1
2020-06-16 18:54:57,174 INFO o.a.j.t.ThreadGroup: Started thread group number 2
2020-06-16 18:54:57,174 INFO o.a.j.e.StandardJMeterEngine: Starting ThreadGroup: 3 : Publish CO2
2020-06-16 18:54:57,174 INFO o.a.j.s.SampleResult: Note: Sample TimeStamps are START times
2020-06-16 18:54:57,174 INFO o.a.j.e.StandardJMeterEngine: Starting 10 threads for group Publish CO2.
2020-06-16 18:54:57,174 INFO o.a.j.s.SampleResult: sampleresult.default.encoding is set to ISO-8859-1
2020-06-16 18:54:57,174 INFO o.a.j.e.StandardJMeterEngine: Thread will continue on error
2020-06-16 18:54:57,174 INFO o.a.j.s.SampleResult: sampleresult.useNanoTime=true
2020-06-16 18:54:57,174 INFO o.a.j.t.ThreadGroup: Starting thread group... number=3 threads=10 ramp-up=1 delayedStart=false
2020-06-16 18:54:57,174 INFO o.a.j.s.SampleResult: sampleresult.nanoThreadSleep=5000
2020-06-16 18:54:57,177 INFO o.a.j.t.JMeterThread: Thread started: Publish CO2 3-1
2020-06-16 18:54:57,178 INFO o.a.j.t.ThreadGroup: Started thread group number 3
2020-06-16 18:54:57,178 INFO o.a.j.e.StandardJMeterEngine: Starting ThreadGroup: 4 : Publish Electricity
2020-06-16 18:54:57,178 INFO o.a.j.e.StandardJMeterEngine: Starting 10 threads for group Publish Electricity.
2020-06-16 18:54:57,178 INFO o.a.j.e.StandardJMeterEngine: Thread will continue on error
2020-06-16 18:54:57,178 INFO o.a.j.t.ThreadGroup: Starting thread group... number=4 threads=10 ramp-up=1 delayedStart=false
2020-06-16 18:54:57,180 INFO o.a.j.t.ThreadGroup: Started thread group number 4
2020-06-16 18:54:57,180 INFO o.a.j.t.JMeterThread: Thread started: Publish Electricity 4-1
2020-06-16 18:54:57,180 INFO o.a.j.e.StandardJMeterEngine: All thread groups have been started
2020-06-16 18:54:57,248 INFO o.a.j.t.JMeterThread: Thread started: Publish Temperature 1-2
2020-06-16 18:54:57,272 INFO o.a.j.t.JMeterThread: Thread started: Publish Humidity 2-2
2020-06-16 18:54:57,277 INFO o.a.j.t.JMeterThread: Thread started: Publish CO2 3-2
2020-06-16 18:54:57,279 INFO o.a.j.t.JMeterThread: Thread started: Publish Electricity 4-2
2020-06-16 18:54:57,347 INFO o.a.j.t.JMeterThread: Thread started: Publish Temperature 1-3
2020-06-16 18:54:57,370 INFO o.a.j.t.JMeterThread: Thread started: Publish Humidity 2-3
2020-06-16 18:54:57,378 INFO o.a.j.t.JMeterThread: Thread started: Publish CO2 3-3
2020-06-16 18:54:57,380 INFO o.a.j.t.JMeterThread: Thread started: Publish Electricity 4-3
2020-06-16 18:54:57,447 INFO o.a.j.t.JMeterThread: Thread started: Publish Temperature 1-4
2020-06-16 18:54:57,471 INFO o.a.j.t.JMeterThread: Thread started: Publish Humidity 2-4
2020-06-16 18:54:57,477 INFO o.a.j.t.JMeterThread: Thread started: Publish CO2 3-4
2020-06-16 18:54:57,480 INFO o.a.j.t.JMeterThread: Thread started: Publish Electricity 4-4
2020-06-16 18:54:57,546 INFO o.a.j.t.JMeterThread: Thread started: Publish Temperature 1-5
2020-06-16 18:54:57,571 INFO o.a.j.t.JMeterThread: Thread started: Publish Humidity 2-5
2020-06-16 18:54:57,578 INFO o.a.j.t.JMeterThread: Thread started: Publish CO2 3-5
2020-06-16 18:54:57,581 INFO o.a.j.t.JMeterThread: Thread started: Publish Electricity 4-5
2020-06-16 18:54:57,646 INFO o.a.j.t.JMeterThread: Thread started: Publish Temperature 1-6
2020-06-16 18:54:57,670 INFO o.a.j.t.JMeterThread: Thread started: Publish Humidity 2-6
2020-06-16 18:54:57,677 INFO o.a.j.t.JMeterThread: Thread started: Publish CO2 3-6
2020-06-16 18:54:57,680 INFO o.a.j.t.JMeterThread: Thread started: Publish Electricity 4-6
2020-06-16 18:54:57,745 INFO o.a.j.t.JMeterThread: Thread started: Publish Temperature 1-7
2020-06-16 18:54:57,774 INFO o.a.j.t.JMeterThread: Thread started: Publish Humidity 2-7
2020-06-16 18:54:57,776 INFO o.a.j.t.JMeterThread: Thread started: Publish CO2 3-7
2020-06-16 18:54:57,780 INFO o.a.j.t.JMeterThread: Thread started: Publish Electricity 4-7
2020-06-16 18:54:57,845 INFO o.a.j.t.JMeterThread: Thread started: Publish Temperature 1-8
2020-06-16 18:54:57,872 INFO o.a.j.t.JMeterThread: Thread started: Publish Humidity 2-8
2020-06-16 18:54:57,876 INFO o.a.j.t.JMeterThread: Thread started: Publish CO2 3-8
2020-06-16 18:54:57,880 INFO o.a.j.t.JMeterThread: Thread started: Publish Electricity 4-8
2020-06-16 18:54:57,945 INFO o.a.j.t.JMeterThread: Thread started: Publish Temperature 1-9
2020-06-16 18:54:57,970 INFO o.a.j.t.JMeterThread: Thread started: Publish Humidity 2-9
2020-06-16 18:54:57,975 INFO o.a.j.t.JMeterThread: Thread started: Publish CO2 3-9
2020-06-16 18:54:57,980 INFO o.a.j.t.JMeterThread: Thread started: Publish Electricity 4-9
2020-06-16 18:54:58,045 INFO o.a.j.t.JMeterThread: Thread started: Publish Temperature 1-10
2020-06-16 18:54:58,071 INFO o.a.j.t.JMeterThread: Thread started: Publish Humidity 2-10
2020-06-16 18:54:58,077 INFO o.a.j.t.JMeterThread: Thread started: Publish CO2 3-10
2020-06-16 18:54:58,081 INFO o.a.j.t.JMeterThread: Thread started: Publish Electricity 4-10
2020-06-16 18:54:58,659 INFO o.a.j.t.JMeterThread: Thread is done: Publish Temperature 1-3
2020-06-16 18:54:58,659 INFO o.a.j.t.JMeterThread: Thread is done: Publish Temperature 1-4
2020-06-16 18:54:58,659 INFO o.a.j.t.JMeterThread: Thread finished: Publish Temperature 1-3
2020-06-16 18:54:58,661 INFO o.a.j.t.JMeterThread: Thread is done: Publish Temperature 1-1
2020-06-16 18:54:58,660 INFO o.a.j.t.JMeterThread: Thread is done: Publish Temperature 1-2
2020-06-16 18:54:58,661 INFO o.a.j.t.JMeterThread: Thread finished: Publish Temperature 1-4
2020-06-16 18:54:58,663 INFO o.a.j.t.JMeterThread: Thread finished: Publish Temperature 1-1
2020-06-16 18:54:58,661 INFO o.a.j.t.JMeterThread: Thread is done: Publish Temperature 1-5
2020-06-16 18:54:58,663 INFO o.a.j.t.JMeterThread: Thread finished: Publish Temperature 1-2
2020-06-16 18:54:58,664 INFO o.a.j.t.JMeterThread: Thread finished: Publish Temperature 1-5
2020-06-16 18:54:58,667 INFO o.a.j.t.JMeterThread: Thread is done: Publish Temperature 1-6
2020-06-16 18:54:58,668 INFO o.a.j.t.JMeterThread: Thread finished: Publish Temperature 1-6
2020-06-16 18:54:58,765 INFO o.a.j.t.JMeterThread: Thread is done: Publish Temperature 1-7
2020-06-16 18:54:58,765 INFO o.a.j.t.JMeterThread: Thread finished: Publish Temperature 1-7
2020-06-16 18:54:58,867 INFO o.a.j.t.JMeterThread: Thread is done: Publish Temperature 1-8
2020-06-16 18:54:58,867 INFO o.a.j.t.JMeterThread: Thread finished: Publish Temperature 1-8
2020-06-16 18:54:58,968 INFO o.a.j.t.JMeterThread: Thread is done: Publish Temperature 1-9
2020-06-16 18:54:58,968 INFO o.a.j.t.JMeterThread: Thread finished: Publish Temperature 1-9
2020-06-16 18:54:59,072 INFO o.a.j.t.JMeterThread: Thread is done: Publish Temperature 1-10
2020-06-16 18:54:59,072 INFO o.a.j.t.JMeterThread: Thread finished: Publish Temperature 1-10
2020-06-16 18:54:59,617 INFO o.a.j.t.JMeterThread: Thread is done: Publish Humidity 2-1
2020-06-16 18:54:59,617 INFO o.a.j.t.JMeterThread: Thread finished: Publish Humidity 2-1
2020-06-16 18:54:59,619 INFO o.a.j.t.JMeterThread: Thread is done: Publish Humidity 2-5
2020-06-16 18:54:59,620 INFO o.a.j.t.JMeterThread: Thread finished: Publish Humidity 2-5
2020-06-16 18:54:59,623 INFO o.a.j.t.JMeterThread: Thread is done: Publish Humidity 2-3
2020-06-16 18:54:59,623 INFO o.a.j.t.JMeterThread: Thread finished: Publish Humidity 2-3
2020-06-16 18:54:59,693 INFO o.a.j.t.JMeterThread: Thread is done: Publish Humidity 2-6
2020-06-16 18:54:59,693 INFO o.a.j.t.JMeterThread: Thread finished: Publish Humidity 2-6
2020-06-16 18:54:59,797 INFO o.a.j.t.JMeterThread: Thread is done: Publish Humidity 2-7
2020-06-16 18:54:59,798 INFO o.a.j.t.JMeterThread: Thread finished: Publish Humidity 2-7
2020-06-16 18:54:59,851 INFO o.a.j.t.JMeterThread: Thread is done: Publish Humidity 2-4
2020-06-16 18:54:59,851 INFO o.a.j.t.JMeterThread: Thread is done: Publish Humidity 2-2
2020-06-16 18:54:59,851 INFO o.a.j.t.JMeterThread: Thread finished: Publish Humidity 2-4
2020-06-16 18:54:59,851 INFO o.a.j.t.JMeterThread: Thread finished: Publish Humidity 2-2
2020-06-16 18:54:59,890 INFO o.a.j.t.JMeterThread: Thread is done: Publish Humidity 2-8
2020-06-16 18:54:59,891 INFO o.a.j.t.JMeterThread: Thread finished: Publish Humidity 2-8
2020-06-16 18:54:59,991 INFO o.a.j.t.JMeterThread: Thread is done: Publish Humidity 2-9
2020-06-16 18:54:59,992 INFO o.a.j.t.JMeterThread: Thread finished: Publish Humidity 2-9
2020-06-16 18:55:00,107 INFO o.a.j.t.JMeterThread: Thread is done: Publish Humidity 2-10
2020-06-16 18:55:00,107 INFO o.a.j.t.JMeterThread: Thread finished: Publish Humidity 2-10
2020-06-16 18:55:00,615 INFO o.a.j.t.JMeterThread: Thread is done: Publish Electricity 4-1
2020-06-16 18:55:00,615 INFO o.a.j.t.JMeterThread: Thread is done: Publish Electricity 4-2
2020-06-16 18:55:00,615 INFO o.a.j.t.JMeterThread: Thread is done: Publish Electricity 4-3
2020-06-16 18:55:00,615 INFO o.a.j.t.JMeterThread: Thread finished: Publish Electricity 4-1
2020-06-16 18:55:00,615 INFO o.a.j.t.JMeterThread: Thread finished: Publish Electricity 4-2
2020-06-16 18:55:00,616 INFO o.a.j.t.JMeterThread: Thread finished: Publish Electricity 4-3
2020-06-16 18:55:00,616 INFO o.a.j.t.JMeterThread: Thread is done: Publish Electricity 4-5
2020-06-16 18:55:00,616 INFO o.a.j.t.JMeterThread: Thread is done: Publish Electricity 4-4
2020-06-16 18:55:00,617 INFO o.a.j.t.JMeterThread: Thread finished: Publish Electricity 4-5
2020-06-16 18:55:00,617 INFO o.a.j.t.JMeterThread: Thread finished: Publish Electricity 4-4
2020-06-16 18:55:00,697 INFO o.a.j.t.JMeterThread: Thread is done: Publish Electricity 4-6
2020-06-16 18:55:00,697 INFO o.a.j.t.JMeterThread: Thread finished: Publish Electricity 4-6
2020-06-16 18:55:00,800 INFO o.a.j.t.JMeterThread: Thread is done: Publish Electricity 4-7
2020-06-16 18:55:00,800 INFO o.a.j.t.JMeterThread: Thread finished: Publish Electricity 4-7
2020-06-16 18:55:00,901 INFO o.a.j.t.JMeterThread: Thread is done: Publish Electricity 4-8
2020-06-16 18:55:00,901 INFO o.a.j.t.JMeterThread: Thread finished: Publish Electricity 4-8
2020-06-16 18:55:01,000 INFO o.a.j.t.JMeterThread: Thread is done: Publish Electricity 4-9
2020-06-16 18:55:01,000 INFO o.a.j.t.JMeterThread: Thread finished: Publish Electricity 4-9
2020-06-16 18:55:01,115 INFO o.a.j.t.JMeterThread: Thread is done: Publish Electricity 4-10
2020-06-16 18:55:01,115 INFO o.a.j.t.JMeterThread: Thread finished: Publish Electricity 4-10
2020-06-16 18:55:01,625 INFO o.a.j.t.JMeterThread: Thread is done: Publish CO2 3-4
2020-06-16 18:55:01,625 INFO o.a.j.t.JMeterThread: Thread is done: Publish CO2 3-2
2020-06-16 18:55:01,625 INFO o.a.j.t.JMeterThread: Thread is done: Publish CO2 3-5
2020-06-16 18:55:01,625 INFO o.a.j.t.JMeterThread: Thread finished: Publish CO2 3-4
2020-06-16 18:55:01,625 INFO o.a.j.t.JMeterThread: Thread finished: Publish CO2 3-2
2020-06-16 18:55:01,625 INFO o.a.j.t.JMeterThread: Thread finished: Publish CO2 3-5
2020-06-16 18:55:01,694 INFO o.a.j.t.JMeterThread: Thread is done: Publish CO2 3-6
2020-06-16 18:55:01,694 INFO o.a.j.t.JMeterThread: Thread finished: Publish CO2 3-6
2020-06-16 18:55:01,797 INFO o.a.j.t.JMeterThread: Thread is done: Publish CO2 3-7
2020-06-16 18:55:01,797 INFO o.a.j.t.JMeterThread: Thread finished: Publish CO2 3-7
2020-06-16 18:55:01,849 INFO o.a.j.t.JMeterThread: Thread is done: Publish CO2 3-3
2020-06-16 18:55:01,849 INFO o.a.j.t.JMeterThread: Thread is done: Publish CO2 3-1
2020-06-16 18:55:01,849 INFO o.a.j.t.JMeterThread: Thread finished: Publish CO2 3-1
2020-06-16 18:55:01,849 INFO o.a.j.t.JMeterThread: Thread finished: Publish CO2 3-3
2020-06-16 18:55:01,896 INFO o.a.j.t.JMeterThread: Thread is done: Publish CO2 3-8
2020-06-16 18:55:01,896 INFO o.a.j.t.JMeterThread: Thread finished: Publish CO2 3-8
2020-06-16 18:55:01,998 INFO o.a.j.t.JMeterThread: Thread is done: Publish CO2 3-9
2020-06-16 18:55:01,998 INFO o.a.j.t.JMeterThread: Thread finished: Publish CO2 3-9
2020-06-16 18:55:02,112 INFO o.a.j.t.JMeterThread: Thread is done: Publish CO2 3-10
2020-06-16 18:55:02,114 INFO o.a.j.t.JMeterThread: Thread finished: Publish CO2 3-10
2020-06-16 18:55:02,115 INFO o.a.j.e.StandardJMeterEngine: Notifying test listeners of end of test
2020-06-16 18:55:02,126 INFO o.a.j.g.u.JMeterMenuBar: setRunning(false, *local*)
2020-06-16 18:56:15,263 INFO o.a.j.e.StandardJMeterEngine: Running the test!
2020-06-16 18:56:15,263 INFO o.a.j.s.SampleEvent: List of sample_variables: []
2020-06-16 18:56:15,265 INFO o.a.j.g.u.JMeterMenuBar: setRunning(true, *local*)
2020-06-16 18:56:15,342 INFO o.a.j.e.StandardJMeterEngine: Starting ThreadGroup: 1 : Publish Temperature
2020-06-16 18:56:15,342 INFO o.a.j.e.StandardJMeterEngine: Starting 10 threads for group Publish Temperature.
2020-06-16 18:56:15,342 INFO o.a.j.e.StandardJMeterEngine: Thread will continue on error
2020-06-16 18:56:15,342 INFO o.a.j.t.ThreadGroup: Starting thread group... number=1 threads=10 ramp-up=1 delayedStart=false
2020-06-16 18:56:15,343 INFO o.a.j.t.JMeterThread: Thread started: Publish Temperature 1-1
2020-06-16 18:56:15,344 INFO o.a.j.t.ThreadGroup: Started thread group number 1
2020-06-16 18:56:15,344 INFO o.a.j.e.StandardJMeterEngine: Starting ThreadGroup: 2 : Publish Humidity
2020-06-16 18:56:15,344 INFO o.a.j.e.StandardJMeterEngine: Starting 10 threads for group Publish Humidity.
2020-06-16 18:56:15,344 INFO o.a.j.e.StandardJMeterEngine: Thread will continue on error
2020-06-16 18:56:15,344 INFO o.a.j.t.ThreadGroup: Starting thread group... number=2 threads=10 ramp-up=1 delayedStart=false
2020-06-16 18:56:15,346 INFO o.a.j.t.ThreadGroup: Started thread group number 2
2020-06-16 18:56:15,346 INFO o.a.j.e.StandardJMeterEngine: Starting ThreadGroup: 3 : Publish CO2
2020-06-16 18:56:15,346 INFO o.a.j.e.StandardJMeterEngine: Starting 10 threads for group Publish CO2.
2020-06-16 18:56:15,346 INFO o.a.j.e.StandardJMeterEngine: Thread will continue on error
2020-06-16 18:56:15,346 INFO o.a.j.t.ThreadGroup: Starting thread group... number=3 threads=10 ramp-up=1 delayedStart=false
2020-06-16 18:56:15,346 INFO o.a.j.t.JMeterThread: Thread started: Publish Humidity 2-1
2020-06-16 18:56:15,348 INFO o.a.j.t.ThreadGroup: Started thread group number 3
2020-06-16 18:56:15,348 INFO o.a.j.e.StandardJMeterEngine: Starting ThreadGroup: 4 : Publish Electricity
2020-06-16 18:56:15,348 INFO o.a.j.e.StandardJMeterEngine: Starting 10 threads for group Publish Electricity.
2020-06-16 18:56:15,348 INFO o.a.j.e.StandardJMeterEngine: Thread will continue on error
2020-06-16 18:56:15,348 INFO o.a.j.t.ThreadGroup: Starting thread group... number=4 threads=10 ramp-up=1 delayedStart=false
2020-06-16 18:56:15,349 INFO o.a.j.t.ThreadGroup: Started thread group number 4
2020-06-16 18:56:15,349 INFO o.a.j.e.StandardJMeterEngine: All thread groups have been started
2020-06-16 18:56:15,350 INFO o.a.j.t.JMeterThread: Thread started: Publish CO2 3-1
2020-06-16 18:56:15,352 INFO o.a.j.t.JMeterThread: Thread started: Publish Electricity 4-1
2020-06-16 18:56:15,443 INFO o.a.j.t.JMeterThread: Thread started: Publish Temperature 1-2
2020-06-16 18:56:15,447 INFO o.a.j.t.JMeterThread: Thread started: Publish Humidity 2-2
2020-06-16 18:56:15,452 INFO o.a.j.t.JMeterThread: Thread started: Publish Electricity 4-2
2020-06-16 18:56:15,454 INFO o.a.j.t.JMeterThread: Thread started: Publish CO2 3-2
2020-06-16 18:56:15,543 INFO o.a.j.t.JMeterThread: Thread started: Publish Temperature 1-3
2020-06-16 18:56:15,549 INFO o.a.j.t.JMeterThread: Thread started: Publish CO2 3-3
2020-06-16 18:56:15,549 INFO o.a.j.t.JMeterThread: Thread started: Publish Humidity 2-3
2020-06-16 18:56:15,553 INFO o.a.j.t.JMeterThread: Thread started: Publish Electricity 4-3
2020-06-16 18:56:15,643 INFO o.a.j.t.JMeterThread: Thread started: Publish Temperature 1-4
2020-06-16 18:56:15,649 INFO o.a.j.t.JMeterThread: Thread started: Publish CO2 3-4
2020-06-16 18:56:15,650 INFO o.a.j.t.JMeterThread: Thread started: Publish Electricity 4-4
2020-06-16 18:56:15,652 INFO o.a.j.t.JMeterThread: Thread started: Publish Humidity 2-4
2020-06-16 18:56:15,742 INFO o.a.j.t.JMeterThread: Thread started: Publish Temperature 1-5
2020-06-16 18:56:15,747 INFO o.a.j.t.JMeterThread: Thread started: Publish Humidity 2-5
2020-06-16 18:56:15,750 INFO o.a.j.t.JMeterThread: Thread started: Publish CO2 3-5
2020-06-16 18:56:15,752 INFO o.a.j.t.JMeterThread: Thread started: Publish Electricity 4-5
2020-06-16 18:56:15,843 INFO o.a.j.t.JMeterThread: Thread started: Publish Temperature 1-6
2020-06-16 18:56:15,848 INFO o.a.j.t.JMeterThread: Thread started: Publish Humidity 2-6
2020-06-16 18:56:15,849 INFO o.a.j.t.JMeterThread: Thread started: Publish Electricity 4-6
2020-06-16 18:56:15,850 INFO o.a.j.t.JMeterThread: Thread started: Publish CO2 3-6
2020-06-16 18:56:15,944 INFO o.a.j.t.JMeterThread: Thread started: Publish Temperature 1-7
2020-06-16 18:56:15,949 INFO o.a.j.t.JMeterThread: Thread started: Publish Humidity 2-7
2020-06-16 18:56:15,949 INFO o.a.j.t.JMeterThread: Thread started: Publish Electricity 4-7
2020-06-16 18:56:15,950 INFO o.a.j.t.JMeterThread: Thread started: Publish CO2 3-7
2020-06-16 18:56:16,045 INFO o.a.j.t.JMeterThread: Thread started: Publish Temperature 1-8
2020-06-16 18:56:16,050 INFO o.a.j.t.JMeterThread: Thread started: Publish CO2 3-8
2020-06-16 18:56:16,052 INFO o.a.j.t.JMeterThread: Thread started: Publish Humidity 2-8
2020-06-16 18:56:16,053 INFO o.a.j.t.JMeterThread: Thread started: Publish Electricity 4-8
2020-06-16 18:56:16,144 INFO o.a.j.t.JMeterThread: Thread started: Publish Temperature 1-9
2020-06-16 18:56:16,148 INFO o.a.j.t.JMeterThread: Thread started: Publish Humidity 2-9
2020-06-16 18:56:16,151 INFO o.a.j.t.JMeterThread: Thread started: Publish CO2 3-9
2020-06-16 18:56:16,152 INFO o.a.j.t.JMeterThread: Thread started: Publish Electricity 4-9
2020-06-16 18:56:16,245 INFO o.a.j.t.JMeterThread: Thread started: Publish Temperature 1-10
2020-06-16 18:56:16,247 INFO o.a.j.t.JMeterThread: Thread started: Publish Humidity 2-10
2020-06-16 18:56:16,251 INFO o.a.j.t.JMeterThread: Thread started: Publish CO2 3-10
2020-06-16 18:56:16,253 INFO o.a.j.t.JMeterThread: Thread started: Publish Electricity 4-10
2020-06-16 18:56:16,406 INFO o.a.j.t.JMeterThread: Thread is done: Publish Temperature 1-1
2020-06-16 18:56:16,406 INFO o.a.j.t.JMeterThread: Thread finished: Publish Temperature 1-1
2020-06-16 18:56:16,470 INFO o.a.j.t.JMeterThread: Thread is done: Publish Temperature 1-2
2020-06-16 18:56:16,470 INFO o.a.j.t.JMeterThread: Thread finished: Publish Temperature 1-2
2020-06-16 18:56:16,577 INFO o.a.j.t.JMeterThread: Thread is done: Publish Temperature 1-3
2020-06-16 18:56:16,577 INFO o.a.j.t.JMeterThread: Thread finished: Publish Temperature 1-3
2020-06-16 18:56:16,681 INFO o.a.j.t.JMeterThread: Thread is done: Publish Temperature 1-4
2020-06-16 18:56:16,681 INFO o.a.j.t.JMeterThread: Thread finished: Publish Temperature 1-4
2020-06-16 18:56:16,763 INFO o.a.j.t.JMeterThread: Thread is done: Publish Temperature 1-5
2020-06-16 18:56:16,763 INFO o.a.j.t.JMeterThread: Thread finished: Publish Temperature 1-5
2020-06-16 18:56:16,870 INFO o.a.j.t.JMeterThread: Thread is done: Publish Temperature 1-6
2020-06-16 18:56:16,870 INFO o.a.j.t.JMeterThread: Thread finished: Publish Temperature 1-6
2020-06-16 18:56:16,976 INFO o.a.j.t.JMeterThread: Thread is done: Publish Temperature 1-7
2020-06-16 18:56:16,976 INFO o.a.j.t.JMeterThread: Thread finished: Publish Temperature 1-7
2020-06-16 18:56:17,076 INFO o.a.j.t.JMeterThread: Thread is done: Publish Temperature 1-8
2020-06-16 18:56:17,076 INFO o.a.j.t.JMeterThread: Thread finished: Publish Temperature 1-8
2020-06-16 18:56:17,172 INFO o.a.j.t.JMeterThread: Thread is done: Publish Temperature 1-9
2020-06-16 18:56:17,172 INFO o.a.j.t.JMeterThread: Thread finished: Publish Temperature 1-9
2020-06-16 18:56:17,268 INFO o.a.j.t.JMeterThread: Thread is done: Publish Temperature 1-10
2020-06-16 18:56:17,268 INFO o.a.j.t.JMeterThread: Thread finished: Publish Temperature 1-10
2020-06-16 18:56:17,407 INFO o.a.j.t.JMeterThread: Thread is done: Publish Humidity 2-1
2020-06-16 18:56:17,407 INFO o.a.j.t.JMeterThread: Thread finished: Publish Humidity 2-1
2020-06-16 18:56:17,474 INFO o.a.j.t.JMeterThread: Thread is done: Publish Humidity 2-2
2020-06-16 18:56:17,474 INFO o.a.j.t.JMeterThread: Thread finished: Publish Humidity 2-2
2020-06-16 18:56:17,575 INFO o.a.j.t.JMeterThread: Thread is done: Publish Humidity 2-3
2020-06-16 18:56:17,575 INFO o.a.j.t.JMeterThread: Thread finished: Publish Humidity 2-3
2020-06-16 18:56:17,683 INFO o.a.j.t.JMeterThread: Thread is done: Publish Humidity 2-4
2020-06-16 18:56:17,683 INFO o.a.j.t.JMeterThread: Thread finished: Publish Humidity 2-4
2020-06-16 18:56:17,768 INFO o.a.j.t.JMeterThread: Thread is done: Publish Humidity 2-5
2020-06-16 18:56:17,768 INFO o.a.j.t.JMeterThread: Thread finished: Publish Humidity 2-5
2020-06-16 18:56:17,873 INFO o.a.j.t.JMeterThread: Thread is done: Publish Humidity 2-6
2020-06-16 18:56:17,874 INFO o.a.j.t.JMeterThread: Thread finished: Publish Humidity 2-6
2020-06-16 18:56:17,980 INFO o.a.j.t.JMeterThread: Thread is done: Publish Humidity 2-7
2020-06-16 18:56:17,981 INFO o.a.j.t.JMeterThread: Thread finished: Publish Humidity 2-7
2020-06-16 18:56:18,081 INFO o.a.j.t.JMeterThread: Thread is done: Publish Humidity 2-8
2020-06-16 18:56:18,081 INFO o.a.j.t.JMeterThread: Thread finished: Publish Humidity 2-8
2020-06-16 18:56:18,175 INFO o.a.j.t.JMeterThread: Thread is done: Publish Humidity 2-9
2020-06-16 18:56:18,176 INFO o.a.j.t.JMeterThread: Thread finished: Publish Humidity 2-9
2020-06-16 18:56:18,274 INFO o.a.j.t.JMeterThread: Thread is done: Publish Humidity 2-10
2020-06-16 18:56:18,274 INFO o.a.j.t.JMeterThread: Thread finished: Publish Humidity 2-10
2020-06-16 18:56:18,406 INFO o.a.j.t.JMeterThread: Thread is done: Publish Electricity 4-1
2020-06-16 18:56:18,406 INFO o.a.j.t.JMeterThread: Thread finished: Publish Electricity 4-1
2020-06-16 18:56:18,476 INFO o.a.j.t.JMeterThread: Thread is done: Publish Electricity 4-2
2020-06-16 18:56:18,476 INFO o.a.j.t.JMeterThread: Thread finished: Publish Electricity 4-2
2020-06-16 18:56:18,574 INFO o.a.j.t.JMeterThread: Thread is done: Publish Electricity 4-3
2020-06-16 18:56:18,574 INFO o.a.j.t.JMeterThread: Thread finished: Publish Electricity 4-3
2020-06-16 18:56:18,680 INFO o.a.j.t.JMeterThread: Thread is done: Publish Electricity 4-4
2020-06-16 18:56:18,680 INFO o.a.j.t.JMeterThread: Thread finished: Publish Electricity 4-4
2020-06-16 18:56:18,770 INFO o.a.j.t.JMeterThread: Thread is done: Publish Electricity 4-5
2020-06-16 18:56:18,771 INFO o.a.j.t.JMeterThread: Thread finished: Publish Electricity 4-5
2020-06-16 18:56:18,875 INFO o.a.j.t.JMeterThread: Thread is done: Publish Electricity 4-6
2020-06-16 18:56:18,876 INFO o.a.j.t.JMeterThread: Thread finished: Publish Electricity 4-6
2020-06-16 18:56:18,981 INFO o.a.j.t.JMeterThread: Thread is done: Publish Electricity 4-7
2020-06-16 18:56:18,981 INFO o.a.j.t.JMeterThread: Thread finished: Publish Electricity 4-7
2020-06-16 18:56:19,082 INFO o.a.j.t.JMeterThread: Thread is done: Publish Electricity 4-8
2020-06-16 18:56:19,083 INFO o.a.j.t.JMeterThread: Thread finished: Publish Electricity 4-8
2020-06-16 18:56:19,186 INFO o.a.j.t.JMeterThread: Thread is done: Publish Electricity 4-9
2020-06-16 18:56:19,187 INFO o.a.j.t.JMeterThread: Thread finished: Publish Electricity 4-9
2020-06-16 18:56:19,280 INFO o.a.j.t.JMeterThread: Thread is done: Publish Electricity 4-10
2020-06-16 18:56:19,280 INFO o.a.j.t.JMeterThread: Thread finished: Publish Electricity 4-10
2020-06-16 18:56:19,407 INFO o.a.j.t.JMeterThread: Thread is done: Publish CO2 3-1
2020-06-16 18:56:19,407 INFO o.a.j.t.JMeterThread: Thread finished: Publish CO2 3-1
2020-06-16 18:56:19,478 INFO o.a.j.t.JMeterThread: Thread is done: Publish CO2 3-2
2020-06-16 18:56:19,478 INFO o.a.j.t.JMeterThread: Thread finished: Publish CO2 3-2
2020-06-16 18:56:19,581 INFO o.a.j.t.JMeterThread: Thread is done: Publish CO2 3-3
2020-06-16 18:56:19,581 INFO o.a.j.t.JMeterThread: Thread finished: Publish CO2 3-3
2020-06-16 18:56:19,679 INFO o.a.j.t.JMeterThread: Thread is done: Publish CO2 3-4
2020-06-16 18:56:19,679 INFO o.a.j.t.JMeterThread: Thread finished: Publish CO2 3-4
2020-06-16 18:56:19,771 INFO o.a.j.t.JMeterThread: Thread is done: Publish CO2 3-5
2020-06-16 18:56:19,771 INFO o.a.j.t.JMeterThread: Thread finished: Publish CO2 3-5
2020-06-16 18:56:19,878 INFO o.a.j.t.JMeterThread: Thread is done: Publish CO2 3-6
2020-06-16 18:56:19,879 INFO o.a.j.t.JMeterThread: Thread finished: Publish CO2 3-6
2020-06-16 18:56:19,982 INFO o.a.j.t.JMeterThread: Thread is done: Publish CO2 3-7
2020-06-16 18:56:19,982 INFO o.a.j.t.JMeterThread: Thread finished: Publish CO2 3-7
2020-06-16 18:56:20,080 INFO o.a.j.t.JMeterThread: Thread is done: Publish CO2 3-8
2020-06-16 18:56:20,080 INFO o.a.j.t.JMeterThread: Thread finished: Publish CO2 3-8
2020-06-16 18:56:20,183 INFO o.a.j.t.JMeterThread: Thread is done: Publish CO2 3-9
2020-06-16 18:56:20,183 INFO o.a.j.t.JMeterThread: Thread finished: Publish CO2 3-9
2020-06-16 18:56:20,270 INFO o.a.j.t.JMeterThread: Thread is done: Publish CO2 3-10
2020-06-16 18:56:20,279 INFO o.a.j.t.JMeterThread: Thread finished: Publish CO2 3-10
2020-06-16 18:56:20,281 INFO o.a.j.e.StandardJMeterEngine: Notifying test listeners of end of test
2020-06-16 18:56:20,284 INFO o.a.j.g.u.JMeterMenuBar: setRunning(false, *local*)
2020-06-16 18:56:34,879 INFO o.a.j.e.StandardJMeterEngine: Running the test!
2020-06-16 18:56:34,879 INFO o.a.j.s.SampleEvent: List of sample_variables: []
2020-06-16 18:56:34,881 INFO o.a.j.g.u.JMeterMenuBar: setRunning(true, *local*)
2020-06-16 18:56:34,882 INFO o.a.j.e.StandardJMeterEngine: Starting ThreadGroup: 1 : Publish Temperature
2020-06-16 18:56:34,882 INFO o.a.j.e.StandardJMeterEngine: Starting 10 threads for group Publish Temperature.
2020-06-16 18:56:34,883 INFO o.a.j.e.StandardJMeterEngine: Thread will continue on error
2020-06-16 18:56:34,883 INFO o.a.j.t.ThreadGroup: Starting thread group... number=1 threads=10 ramp-up=1 delayedStart=false
2020-06-16 18:56:34,883 INFO o.a.j.t.JMeterThread: Thread started: Publish Temperature 1-1
2020-06-16 18:56:34,891 INFO o.a.j.t.ThreadGroup: Started thread group number 1
2020-06-16 18:56:34,891 INFO o.a.j.e.StandardJMeterEngine: Starting ThreadGroup: 2 : Publish Humidity
2020-06-16 18:56:34,891 INFO o.a.j.e.StandardJMeterEngine: Starting 10 threads for group Publish Humidity.
2020-06-16 18:56:34,892 INFO o.a.j.e.StandardJMeterEngine: Thread will continue on error
2020-06-16 18:56:34,892 INFO o.a.j.t.ThreadGroup: Starting thread group... number=2 threads=10 ramp-up=1 delayedStart=false
2020-06-16 18:56:34,893 INFO o.a.j.t.JMeterThread: Thread started: Publish Humidity 2-1
2020-06-16 18:56:34,894 INFO o.a.j.t.ThreadGroup: Started thread group number 2
2020-06-16 18:56:34,894 INFO o.a.j.e.StandardJMeterEngine: Starting ThreadGroup: 3 : Publish CO2
2020-06-16 18:56:34,894 INFO o.a.j.e.StandardJMeterEngine: Starting 10 threads for group Publish CO2.
2020-06-16 18:56:34,894 INFO o.a.j.e.StandardJMeterEngine: Thread will continue on error
2020-06-16 18:56:34,894 INFO o.a.j.t.ThreadGroup: Starting thread group... number=3 threads=10 ramp-up=1 delayedStart=false
2020-06-16 18:56:34,895 INFO o.a.j.t.JMeterThread: Thread started: Publish CO2 3-1
2020-06-16 18:56:34,896 INFO o.a.j.t.ThreadGroup: Started thread group number 3
2020-06-16 18:56:34,896 INFO o.a.j.e.StandardJMeterEngine: Starting ThreadGroup: 4 : Publish Electricity
2020-06-16 18:56:34,896 INFO o.a.j.e.StandardJMeterEngine: Starting 10 threads for group Publish Electricity.
2020-06-16 18:56:34,896 INFO o.a.j.e.StandardJMeterEngine: Thread will continue on error
2020-06-16 18:56:34,896 INFO o.a.j.t.ThreadGroup: Starting thread group... number=4 threads=10 ramp-up=1 delayedStart=false
2020-06-16 18:56:34,898 INFO o.a.j.t.ThreadGroup: Started thread group number 4
2020-06-16 18:56:34,898 INFO o.a.j.t.JMeterThread: Thread started: Publish Electricity 4-1
2020-06-16 18:56:34,898 INFO o.a.j.e.StandardJMeterEngine: All thread groups have been started
2020-06-16 18:56:34,983 INFO o.a.j.t.JMeterThread: Thread started: Publish Temperature 1-2
2020-06-16 18:56:34,992 INFO o.a.j.t.JMeterThread: Thread started: Publish Humidity 2-2
2020-06-16 18:56:34,997 INFO o.a.j.t.JMeterThread: Thread started: Publish Electricity 4-2
2020-06-16 18:56:34,997 INFO o.a.j.t.JMeterThread: Thread started: Publish CO2 3-2
2020-06-16 18:56:35,083 INFO o.a.j.t.JMeterThread: Thread started: Publish Temperature 1-3
2020-06-16 18:56:35,092 INFO o.a.j.t.JMeterThread: Thread started: Publish Humidity 2-3
2020-06-16 18:56:35,096 INFO o.a.j.t.JMeterThread: Thread started: Publish CO2 3-3
2020-06-16 18:56:35,098 INFO o.a.j.t.JMeterThread: Thread started: Publish Electricity 4-3
2020-06-16 18:56:35,191 INFO o.a.j.t.JMeterThread: Thread started: Publish Temperature 1-4
2020-06-16 18:56:35,192 INFO o.a.j.t.JMeterThread: Thread started: Publish Humidity 2-4
2020-06-16 18:56:35,195 INFO o.a.j.t.JMeterThread: Thread started: Publish CO2 3-4
2020-06-16 18:56:35,198 INFO o.a.j.t.JMeterThread: Thread started: Publish Electricity 4-4
2020-06-16 18:56:35,291 INFO o.a.j.t.JMeterThread: Thread started: Publish Temperature 1-5
2020-06-16 18:56:35,293 INFO o.a.j.t.JMeterThread: Thread started: Publish Humidity 2-5
2020-06-16 18:56:35,295 INFO o.a.j.t.JMeterThread: Thread started: Publish CO2 3-5
2020-06-16 18:56:35,297 INFO o.a.j.t.JMeterThread: Thread started: Publish Electricity 4-5
2020-06-16 18:56:35,391 INFO o.a.j.t.JMeterThread: Thread started: Publish Temperature 1-6
2020-06-16 18:56:35,393 INFO o.a.j.t.JMeterThread: Thread started: Publish Humidity 2-6
2020-06-16 18:56:35,396 INFO o.a.j.t.JMeterThread: Thread started: Publish CO2 3-6
2020-06-16 18:56:35,397 INFO o.a.j.t.JMeterThread: Thread started: Publish Electricity 4-6
2020-06-16 18:56:35,491 INFO o.a.j.t.JMeterThread: Thread started: Publish Temperature 1-7
2020-06-16 18:56:35,494 INFO o.a.j.t.JMeterThread: Thread started: Publish Humidity 2-7
2020-06-16 18:56:35,496 INFO o.a.j.t.JMeterThread: Thread started: Publish CO2 3-7
2020-06-16 18:56:35,497 INFO o.a.j.t.JMeterThread: Thread started: Publish Electricity 4-7
2020-06-16 18:56:35,590 INFO o.a.j.t.JMeterThread: Thread started: Publish Temperature 1-8
2020-06-16 18:56:35,593 INFO o.a.j.t.JMeterThread: Thread started: Publish Humidity 2-8
2020-06-16 18:56:35,596 INFO o.a.j.t.JMeterThread: Thread started: Publish CO2 3-8
2020-06-16 18:56:35,597 INFO o.a.j.t.JMeterThread: Thread started: Publish Electricity 4-8
2020-06-16 18:56:35,685 INFO o.a.j.t.JMeterThread: Thread started: Publish Temperature 1-9
2020-06-16 18:56:35,693 INFO o.a.j.t.JMeterThread: Thread started: Publish Humidity 2-9
2020-06-16 18:56:35,696 INFO o.a.j.t.JMeterThread: Thread started: Publish CO2 3-9
2020-06-16 18:56:35,697 INFO o.a.j.t.JMeterThread: Thread started: Publish Electricity 4-9
2020-06-16 18:56:35,785 INFO o.a.j.t.JMeterThread: Thread started: Publish Temperature 1-10
2020-06-16 18:56:35,793 INFO o.a.j.t.JMeterThread: Thread started: Publish Humidity 2-10
2020-06-16 18:56:35,795 INFO o.a.j.t.JMeterThread: Thread started: Publish CO2 3-10
2020-06-16 18:56:35,796 INFO o.a.j.t.JMeterThread: Thread started: Publish Electricity 4-10
2020-06-16 18:56:35,925 INFO o.a.j.t.JMeterThread: Thread is done: Publish Temperature 1-1
2020-06-16 18:56:35,925 INFO o.a.j.t.JMeterThread: Thread finished: Publish Temperature 1-1
2020-06-16 18:56:36,006 INFO o.a.j.t.JMeterThread: Thread is done: Publish Temperature 1-2
2020-06-16 18:56:36,006 INFO o.a.j.t.JMeterThread: Thread finished: Publish Temperature 1-2
2020-06-16 18:56:36,117 INFO o.a.j.t.JMeterThread: Thread is done: Publish Temperature 1-3
2020-06-16 18:56:36,117 INFO o.a.j.t.JMeterThread: Thread finished: Publish Temperature 1-3
2020-06-16 18:56:36,228 INFO o.a.j.t.JMeterThread: Thread is done: Publish Temperature 1-4
2020-06-16 18:56:36,229 INFO o.a.j.t.JMeterThread: Thread finished: Publish Temperature 1-4
2020-06-16 18:56:36,318 INFO o.a.j.t.JMeterThread: Thread is done: Publish Temperature 1-5
2020-06-16 18:56:36,319 INFO o.a.j.t.JMeterThread: Thread finished: Publish Temperature 1-5
2020-06-16 18:56:36,415 INFO o.a.j.t.JMeterThread: Thread is done: Publish Temperature 1-6
2020-06-16 18:56:36,415 INFO o.a.j.t.JMeterThread: Thread finished: Publish Temperature 1-6
2020-06-16 18:56:36,518 INFO o.a.j.t.JMeterThread: Thread is done: Publish Temperature 1-7
2020-06-16 18:56:36,519 INFO o.a.j.t.JMeterThread: Thread finished: Publish Temperature 1-7
2020-06-16 18:56:36,614 INFO o.a.j.t.JMeterThread: Thread is done: Publish Temperature 1-8
2020-06-16 18:56:36,614 INFO o.a.j.t.JMeterThread: Thread finished: Publish Temperature 1-8
2020-06-16 18:56:36,711 INFO o.a.j.t.JMeterThread: Thread is done: Publish Temperature 1-9
2020-06-16 18:56:36,711 INFO o.a.j.t.JMeterThread: Thread finished: Publish Temperature 1-9
2020-06-16 18:56:36,812 INFO o.a.j.t.JMeterThread: Thread is done: Publish Temperature 1-10
2020-06-16 18:56:36,812 INFO o.a.j.t.JMeterThread: Thread finished: Publish Temperature 1-10
2020-06-16 18:56:36,926 INFO o.a.j.t.JMeterThread: Thread is done: Publish Humidity 2-1
2020-06-16 18:56:36,926 INFO o.a.j.t.JMeterThread: Thread finished: Publish Humidity 2-1
2020-06-16 18:56:37,012 INFO o.a.j.t.JMeterThread: Thread is done: Publish Humidity 2-2
2020-06-16 18:56:37,012 INFO o.a.j.t.JMeterThread: Thread finished: Publish Humidity 2-2
2020-06-16 18:56:37,118 INFO o.a.j.t.JMeterThread: Thread is done: Publish Humidity 2-3
2020-06-16 18:56:37,119 INFO o.a.j.t.JMeterThread: Thread finished: Publish Humidity 2-3
2020-06-16 18:56:37,225 INFO o.a.j.t.JMeterThread: Thread is done: Publish Humidity 2-4
2020-06-16 18:56:37,225 INFO o.a.j.t.JMeterThread: Thread finished: Publish Humidity 2-4
2020-06-16 18:56:37,325 INFO o.a.j.t.JMeterThread: Thread is done: Publish Humidity 2-5
2020-06-16 18:56:37,325 INFO o.a.j.t.JMeterThread: Thread finished: Publish Humidity 2-5
2020-06-16 18:56:37,417 INFO o.a.j.t.JMeterThread: Thread is done: Publish Humidity 2-6
2020-06-16 18:56:37,418 INFO o.a.j.t.JMeterThread: Thread finished: Publish Humidity 2-6
2020-06-16 18:56:37,520 INFO o.a.j.t.JMeterThread: Thread is done: Publish Humidity 2-7
2020-06-16 18:56:37,520 INFO o.a.j.t.JMeterThread: Thread finished: Publish Humidity 2-7
2020-06-16 18:56:37,619 INFO o.a.j.t.JMeterThread: Thread is done: Publish Humidity 2-8
2020-06-16 18:56:37,619 INFO o.a.j.t.JMeterThread: Thread finished: Publish Humidity 2-8
2020-06-16 18:56:37,716 INFO o.a.j.t.JMeterThread: Thread is done: Publish Humidity 2-9
2020-06-16 18:56:37,717 INFO o.a.j.t.JMeterThread: Thread finished: Publish Humidity 2-9
2020-06-16 18:56:37,819 INFO o.a.j.t.JMeterThread: Thread is done: Publish Humidity 2-10
2020-06-16 18:56:37,819 INFO o.a.j.t.JMeterThread: Thread finished: Publish Humidity 2-10
2020-06-16 18:56:37,926 INFO o.a.j.t.JMeterThread: Thread is done: Publish Electricity 4-1
2020-06-16 18:56:37,927 INFO o.a.j.t.JMeterThread: Thread finished: Publish Electricity 4-1
2020-06-16 18:56:38,020 INFO o.a.j.t.JMeterThread: Thread is done: Publish Electricity 4-2
2020-06-16 18:56:38,020 INFO o.a.j.t.JMeterThread: Thread finished: Publish Electricity 4-2
2020-06-16 18:56:38,128 INFO o.a.j.t.JMeterThread: Thread is done: Publish Electricity 4-3
2020-06-16 18:56:38,128 INFO o.a.j.t.JMeterThread: Thread finished: Publish Electricity 4-3
2020-06-16 18:56:38,228 INFO o.a.j.t.JMeterThread: Thread is done: Publish Electricity 4-4
2020-06-16 18:56:38,228 INFO o.a.j.t.JMeterThread: Thread finished: Publish Electricity 4-4
2020-06-16 18:56:38,329 INFO o.a.j.t.JMeterThread: Thread is done: Publish Electricity 4-5
2020-06-16 18:56:38,329 INFO o.a.j.t.JMeterThread: Thread finished: Publish Electricity 4-5
2020-06-16 18:56:38,419 INFO o.a.j.t.JMeterThread: Thread is done: Publish Electricity 4-6
2020-06-16 18:56:38,419 INFO o.a.j.t.JMeterThread: Thread finished: Publish Electricity 4-6
2020-06-16 18:56:38,522 INFO o.a.j.t.JMeterThread: Thread is done: Publish Electricity 4-7
2020-06-16 18:56:38,522 INFO o.a.j.t.JMeterThread: Thread finished: Publish Electricity 4-7
2020-06-16 18:56:38,618 INFO o.a.j.t.JMeterThread: Thread is done: Publish Electricity 4-8
2020-06-16 18:56:38,618 INFO o.a.j.t.JMeterThread: Thread finished: Publish Electricity 4-8
2020-06-16 18:56:38,723 INFO o.a.j.t.JMeterThread: Thread is done: Publish Electricity 4-9
2020-06-16 18:56:38,724 INFO o.a.j.t.JMeterThread: Thread finished: Publish Electricity 4-9
2020-06-16 18:56:38,830 INFO o.a.j.t.JMeterThread: Thread is done: Publish Electricity 4-10
2020-06-16 18:56:38,830 INFO o.a.j.t.JMeterThread: Thread finished: Publish Electricity 4-10
2020-06-16 18:56:38,927 INFO o.a.j.t.JMeterThread: Thread is done: Publish CO2 3-1
2020-06-16 18:56:38,927 INFO o.a.j.t.JMeterThread: Thread finished: Publish CO2 3-1
2020-06-16 18:56:39,016 INFO o.a.j.t.JMeterThread: Thread is done: Publish CO2 3-2
2020-06-16 18:56:39,016 INFO o.a.j.t.JMeterThread: Thread finished: Publish CO2 3-2
2020-06-16 18:56:39,123 INFO o.a.j.t.JMeterThread: Thread is done: Publish CO2 3-3
2020-06-16 18:56:39,123 INFO o.a.j.t.JMeterThread: Thread finished: Publish CO2 3-3
2020-06-16 18:56:39,230 INFO o.a.j.t.JMeterThread: Thread is done: Publish CO2 3-4
2020-06-16 18:56:39,230 INFO o.a.j.t.JMeterThread: Thread finished: Publish CO2 3-4
2020-06-16 18:56:39,321 INFO o.a.j.t.JMeterThread: Thread is done: Publish CO2 3-5
2020-06-16 18:56:39,321 INFO o.a.j.t.JMeterThread: Thread finished: Publish CO2 3-5
2020-06-16 18:56:39,417 INFO o.a.j.t.JMeterThread: Thread is done: Publish CO2 3-6
2020-06-16 18:56:39,417 INFO o.a.j.t.JMeterThread: Thread finished: Publish CO2 3-6
2020-06-16 18:56:39,521 INFO o.a.j.t.JMeterThread: Thread is done: Publish CO2 3-7
2020-06-16 18:56:39,521 INFO o.a.j.t.JMeterThread: Thread finished: Publish CO2 3-7
2020-06-16 18:56:39,616 INFO o.a.j.t.JMeterThread: Thread is done: Publish CO2 3-8
2020-06-16 18:56:39,617 INFO o.a.j.t.JMeterThread: Thread finished: Publish CO2 3-8
2020-06-16 18:56:39,719 INFO o.a.j.t.JMeterThread: Thread is done: Publish CO2 3-9
2020-06-16 18:56:39,720 INFO o.a.j.t.JMeterThread: Thread finished: Publish CO2 3-9
2020-06-16 18:56:39,819 INFO o.a.j.t.JMeterThread: Thread is done: Publish CO2 3-10
2020-06-16 18:56:39,820 INFO o.a.j.t.JMeterThread: Thread finished: Publish CO2 3-10
2020-06-16 18:56:39,825 INFO o.a.j.e.StandardJMeterEngine: Notifying test listeners of end of test
2020-06-16 18:56:39,827 INFO o.a.j.g.u.JMeterMenuBar: setRunning(false, *local*)
